* Array of five spheres
*
* This is the same as 'array_of_5_spheres.lst' but all input
* data is included in a single file
*
*
* Spheres have unit radius, surface to surface distance is one meter;
* Total capacitance of the center sphere should be 143pF, its self-capacitance 
* should be 52pF, and the capacitances between the center sphere 
* and spheres next in line should be C12 = 37.5pF and C13 = 7.88pF. 
* see "Dissertation About Single-Electron Devices and Circuits", C. Wasshuber
* Universität Wien, Jan 1997, appendix A
*

C sphere2_embedded.txt   1.0  -6.0 0.0 0.0
C sphere2_embedded.txt   1.0  -3.0 0.0 0.0
C sphere2_embedded.txt   1.0  0.0 0.0 0.0
C sphere2_embedded.txt   1.0  3.0 0.0 0.0
C sphere2_embedded.txt   1.0  6.0 0.0 0.0

File sphere2_embedded.txt

0 Geometry file generated with SphereGen by FastFieldSolvers, 2011
* Sphere with radius 1.000000, refined up to depth 2
*
T sphere  -0.525731 0.000000 0.850651  -0.433889 0.259892 0.862668  -0.273267 0.000000 0.961938
T sphere  -0.309017 0.500000 0.809017  -0.162460 0.262866 0.951057  -0.433889 0.259892 0.862668
T sphere  0.000000 0.000000 1.000000  -0.273267 0.000000 0.961938  -0.162460 0.262866 0.951057
T sphere  -0.433889 0.259892 0.862668  -0.162460 0.262866 0.951057  -0.273267 0.000000 0.961938
T sphere  0.000000 0.850651 0.525731  0.160622 0.702046 0.693780  -0.160622 0.702046 0.693780
T sphere  0.309017 0.500000 0.809017  0.000000 0.525731 0.850651  0.160622 0.702046 0.693780
T sphere  -0.309017 0.500000 0.809017  -0.160622 0.702046 0.693780  0.000000 0.525731 0.850651
T sphere  0.160622 0.702046 0.693780  0.000000 0.525731 0.850651  -0.160622 0.702046 0.693780
T sphere  0.525731 0.000000 0.850651  0.273267 0.000000 0.961938  0.433889 0.259892 0.862668
T sphere  0.000000 0.000000 1.000000  0.162460 0.262866 0.951057  0.273267 0.000000 0.961938
T sphere  0.309017 0.500000 0.809017  0.433889 0.259892 0.862668  0.162460 0.262866 0.951057
T sphere  0.273267 0.000000 0.961938  0.162460 0.262866 0.951057  0.433889 0.259892 0.862668
T sphere  -0.309017 0.500000 0.809017  0.000000 0.525731 0.850651  -0.162460 0.262866 0.951057
T sphere  0.309017 0.500000 0.809017  0.162460 0.262866 0.951057  0.000000 0.525731 0.850651
T sphere  0.000000 0.000000 1.000000  -0.162460 0.262866 0.951057  0.162460 0.262866 0.951057
T sphere  0.000000 0.525731 0.850651  0.162460 0.262866 0.951057  -0.162460 0.262866 0.951057
T sphere  -0.525731 0.000000 0.850651  -0.693780 0.160622 0.702046  -0.433889 0.259892 0.862668
T sphere  -0.809017 0.309017 0.500000  -0.587785 0.425325 0.688191  -0.693780 0.160622 0.702046
T sphere  -0.309017 0.500000 0.809017  -0.433889 0.259892 0.862668  -0.587785 0.425325 0.688191
T sphere  -0.693780 0.160622 0.702046  -0.587785 0.425325 0.688191  -0.433889 0.259892 0.862668
T sphere  -0.850651 0.525731 0.000000  -0.702046 0.693780 0.160622  -0.862668 0.433889 0.259892
T sphere  -0.500000 0.809017 0.309017  -0.688191 0.587785 0.425325  -0.702046 0.693780 0.160622
T sphere  -0.809017 0.309017 0.500000  -0.862668 0.433889 0.259892  -0.688191 0.587785 0.425325
T sphere  -0.702046 0.693780 0.160622  -0.688191 0.587785 0.425325  -0.862668 0.433889 0.259892
T sphere  0.000000 0.850651 0.525731  -0.160622 0.702046 0.693780  -0.259892 0.862668 0.433889
T sphere  -0.309017 0.500000 0.809017  -0.425325 0.688191 0.587785  -0.160622 0.702046 0.693780
T sphere  -0.500000 0.809017 0.309017  -0.259892 0.862668 0.433889  -0.425325 0.688191 0.587785
T sphere  -0.160622 0.702046 0.693780  -0.425325 0.688191 0.587785  -0.259892 0.862668 0.433889
T sphere  -0.809017 0.309017 0.500000  -0.688191 0.587785 0.425325  -0.587785 0.425325 0.688191
T sphere  -0.500000 0.809017 0.309017  -0.425325 0.688191 0.587785  -0.688191 0.587785 0.425325
T sphere  -0.309017 0.500000 0.809017  -0.587785 0.425325 0.688191  -0.425325 0.688191 0.587785
T sphere  -0.688191 0.587785 0.425325  -0.425325 0.688191 0.587785  -0.587785 0.425325 0.688191
T sphere  -0.850651 0.525731 0.000000  -0.702046 0.693780 -0.160622  -0.702046 0.693780 0.160622
T sphere  -0.500000 0.809017 -0.309017  -0.525731 0.850651 0.000000  -0.702046 0.693780 -0.160622
T sphere  -0.500000 0.809017 0.309017  -0.702046 0.693780 0.160622  -0.525731 0.850651 0.000000
T sphere  -0.702046 0.693780 -0.160622  -0.525731 0.850651 0.000000  -0.702046 0.693780 0.160622
T sphere  0.000000 0.850651 -0.525731  0.000000 0.961938 -0.273267  -0.259892 0.862668 -0.433889
T sphere  0.000000 1.000000 0.000000  -0.262866 0.951057 -0.162460  0.000000 0.961938 -0.273267
T sphere  -0.500000 0.809017 -0.309017  -0.259892 0.862668 -0.433889  -0.262866 0.951057 -0.162460
T sphere  0.000000 0.961938 -0.273267  -0.262866 0.951057 -0.162460  -0.259892 0.862668 -0.433889
T sphere  0.000000 0.850651 0.525731  -0.259892 0.862668 0.433889  0.000000 0.961938 0.273267
T sphere  -0.500000 0.809017 0.309017  -0.262866 0.951057 0.162460  -0.259892 0.862668 0.433889
T sphere  0.000000 1.000000 0.000000  0.000000 0.961938 0.273267  -0.262866 0.951057 0.162460
T sphere  -0.259892 0.862668 0.433889  -0.262866 0.951057 0.162460  0.000000 0.961938 0.273267
T sphere  -0.500000 0.809017 -0.309017  -0.262866 0.951057 -0.162460  -0.525731 0.850651 0.000000
T sphere  0.000000 1.000000 0.000000  -0.262866 0.951057 0.162460  -0.262866 0.951057 -0.162460
T sphere  -0.500000 0.809017 0.309017  -0.525731 0.850651 0.000000  -0.262866 0.951057 0.162460
T sphere  -0.262866 0.951057 -0.162460  -0.262866 0.951057 0.162460  -0.525731 0.850651 0.000000
T sphere  0.000000 0.850651 0.525731  0.000000 0.961938 0.273267  0.259892 0.862668 0.433889
T sphere  0.000000 1.000000 0.000000  0.262866 0.951057 0.162460  0.000000 0.961938 0.273267
T sphere  0.500000 0.809017 0.309017  0.259892 0.862668 0.433889  0.262866 0.951057 0.162460
T sphere  0.000000 0.961938 0.273267  0.262866 0.951057 0.162460  0.259892 0.862668 0.433889
T sphere  0.000000 0.850651 -0.525731  0.259892 0.862668 -0.433889  0.000000 0.961938 -0.273267
T sphere  0.500000 0.809017 -0.309017  0.262866 0.951057 -0.162460  0.259892 0.862668 -0.433889
T sphere  0.000000 1.000000 0.000000  0.000000 0.961938 -0.273267  0.262866 0.951057 -0.162460
T sphere  0.259892 0.862668 -0.433889  0.262866 0.951057 -0.162460  0.000000 0.961938 -0.273267
T sphere  0.850651 0.525731 0.000000  0.702046 0.693780 0.160622  0.702046 0.693780 -0.160622
T sphere  0.500000 0.809017 0.309017  0.525731 0.850651 0.000000  0.702046 0.693780 0.160622
T sphere  0.500000 0.809017 -0.309017  0.702046 0.693780 -0.160622  0.525731 0.850651 0.000000
T sphere  0.702046 0.693780 0.160622  0.525731 0.850651 0.000000  0.702046 0.693780 -0.160622
T sphere  0.000000 1.000000 0.000000  0.262866 0.951057 -0.162460  0.262866 0.951057 0.162460
T sphere  0.500000 0.809017 -0.309017  0.525731 0.850651 0.000000  0.262866 0.951057 -0.162460
T sphere  0.500000 0.809017 0.309017  0.262866 0.951057 0.162460  0.525731 0.850651 0.000000
T sphere  0.262866 0.951057 -0.162460  0.525731 0.850651 0.000000  0.262866 0.951057 0.162460
T sphere  0.000000 0.850651 0.525731  0.259892 0.862668 0.433889  0.160622 0.702046 0.693780
T sphere  0.500000 0.809017 0.309017  0.425325 0.688191 0.587785  0.259892 0.862668 0.433889
T sphere  0.309017 0.500000 0.809017  0.160622 0.702046 0.693780  0.425325 0.688191 0.587785
T sphere  0.259892 0.862668 0.433889  0.425325 0.688191 0.587785  0.160622 0.702046 0.693780
T sphere  0.850651 0.525731 0.000000  0.862668 0.433889 0.259892  0.702046 0.693780 0.160622
T sphere  0.809017 0.309017 0.500000  0.688191 0.587785 0.425325  0.862668 0.433889 0.259892
T sphere  0.500000 0.809017 0.309017  0.702046 0.693780 0.160622  0.688191 0.587785 0.425325
T sphere  0.862668 0.433889 0.259892  0.688191 0.587785 0.425325  0.702046 0.693780 0.160622
T sphere  0.525731 0.000000 0.850651  0.433889 0.259892 0.862668  0.693780 0.160622 0.702046
T sphere  0.309017 0.500000 0.809017  0.587785 0.425325 0.688191  0.433889 0.259892 0.862668
T sphere  0.809017 0.309017 0.500000  0.693780 0.160622 0.702046  0.587785 0.425325 0.688191
T sphere  0.433889 0.259892 0.862668  0.587785 0.425325 0.688191  0.693780 0.160622 0.702046
T sphere  0.500000 0.809017 0.309017  0.688191 0.587785 0.425325  0.425325 0.688191 0.587785
T sphere  0.809017 0.309017 0.500000  0.587785 0.425325 0.688191  0.688191 0.587785 0.425325
T sphere  0.309017 0.500000 0.809017  0.425325 0.688191 0.587785  0.587785 0.425325 0.688191
T sphere  0.688191 0.587785 0.425325  0.587785 0.425325 0.688191  0.425325 0.688191 0.587785
T sphere  0.850651 0.525731 0.000000  0.961938 0.273267 0.000000  0.862668 0.433889 0.259892
T sphere  1.000000 0.000000 0.000000  0.951057 0.162460 0.262866  0.961938 0.273267 0.000000
T sphere  0.809017 0.309017 0.500000  0.862668 0.433889 0.259892  0.951057 0.162460 0.262866
T sphere  0.961938 0.273267 0.000000  0.951057 0.162460 0.262866  0.862668 0.433889 0.259892
T sphere  0.850651 -0.525731 0.000000  0.862668 -0.433889 0.259892  0.961938 -0.273267 0.000000
T sphere  0.809017 -0.309017 0.500000  0.951057 -0.162460 0.262866  0.862668 -0.433889 0.259892
T sphere  1.000000 0.000000 0.000000  0.961938 -0.273267 0.000000  0.951057 -0.162460 0.262866
T sphere  0.862668 -0.433889 0.259892  0.951057 -0.162460 0.262866  0.961938 -0.273267 0.000000
T sphere  0.525731 0.000000 0.850651  0.693780 0.160622 0.702046  0.693780 -0.160622 0.702046
T sphere  0.809017 0.309017 0.500000  0.850651 0.000000 0.525731  0.693780 0.160622 0.702046
T sphere  0.809017 -0.309017 0.500000  0.693780 -0.160622 0.702046  0.850651 0.000000 0.525731
T sphere  0.693780 0.160622 0.702046  0.850651 0.000000 0.525731  0.693780 -0.160622 0.702046
T sphere  1.000000 0.000000 0.000000  0.951057 -0.162460 0.262866  0.951057 0.162460 0.262866
T sphere  0.809017 -0.309017 0.500000  0.850651 0.000000 0.525731  0.951057 -0.162460 0.262866
T sphere  0.809017 0.309017 0.500000  0.951057 0.162460 0.262866  0.850651 0.000000 0.525731
T sphere  0.951057 -0.162460 0.262866  0.850651 0.000000 0.525731  0.951057 0.162460 0.262866
T sphere  0.850651 0.525731 0.000000  0.862668 0.433889 -0.259892  0.961938 0.273267 0.000000
T sphere  0.809017 0.309017 -0.500000  0.951057 0.162460 -0.262866  0.862668 0.433889 -0.259892
T sphere  1.000000 0.000000 0.000000  0.961938 0.273267 0.000000  0.951057 0.162460 -0.262866
T sphere  0.862668 0.433889 -0.259892  0.951057 0.162460 -0.262866  0.961938 0.273267 0.000000
T sphere  0.525731 0.000000 -0.850651  0.693780 -0.160622 -0.702046  0.693780 0.160622 -0.702046
T sphere  0.809017 -0.309017 -0.500000  0.850651 0.000000 -0.525731  0.693780 -0.160622 -0.702046
T sphere  0.809017 0.309017 -0.500000  0.693780 0.160622 -0.702046  0.850651 0.000000 -0.525731
T sphere  0.693780 -0.160622 -0.702046  0.850651 0.000000 -0.525731  0.693780 0.160622 -0.702046
T sphere  0.850651 -0.525731 0.000000  0.961938 -0.273267 0.000000  0.862668 -0.433889 -0.259892
T sphere  1.000000 0.000000 0.000000  0.951057 -0.162460 -0.262866  0.961938 -0.273267 0.000000
T sphere  0.809017 -0.309017 -0.500000  0.862668 -0.433889 -0.259892  0.951057 -0.162460 -0.262866
T sphere  0.961938 -0.273267 0.000000  0.951057 -0.162460 -0.262866  0.862668 -0.433889 -0.259892
T sphere  0.809017 0.309017 -0.500000  0.850651 0.000000 -0.525731  0.951057 0.162460 -0.262866
T sphere  0.809017 -0.309017 -0.500000  0.951057 -0.162460 -0.262866  0.850651 0.000000 -0.525731
T sphere  1.000000 0.000000 0.000000  0.951057 0.162460 -0.262866  0.951057 -0.162460 -0.262866
T sphere  0.850651 0.000000 -0.525731  0.951057 -0.162460 -0.262866  0.951057 0.162460 -0.262866
T sphere  0.000000 0.850651 -0.525731  0.160622 0.702046 -0.693780  0.259892 0.862668 -0.433889
T sphere  0.309017 0.500000 -0.809017  0.425325 0.688191 -0.587785  0.160622 0.702046 -0.693780
T sphere  0.500000 0.809017 -0.309017  0.259892 0.862668 -0.433889  0.425325 0.688191 -0.587785
T sphere  0.160622 0.702046 -0.693780  0.425325 0.688191 -0.587785  0.259892 0.862668 -0.433889
T sphere  0.525731 0.000000 -0.850651  0.693780 0.160622 -0.702046  0.433889 0.259892 -0.862668
T sphere  0.809017 0.309017 -0.500000  0.587785 0.425325 -0.688191  0.693780 0.160622 -0.702046
T sphere  0.309017 0.500000 -0.809017  0.433889 0.259892 -0.862668  0.587785 0.425325 -0.688191
T sphere  0.693780 0.160622 -0.702046  0.587785 0.425325 -0.688191  0.433889 0.259892 -0.862668
T sphere  0.850651 0.525731 0.000000  0.702046 0.693780 -0.160622  0.862668 0.433889 -0.259892
T sphere  0.500000 0.809017 -0.309017  0.688191 0.587785 -0.425325  0.702046 0.693780 -0.160622
T sphere  0.809017 0.309017 -0.500000  0.862668 0.433889 -0.259892  0.688191 0.587785 -0.425325
T sphere  0.702046 0.693780 -0.160622  0.688191 0.587785 -0.425325  0.862668 0.433889 -0.259892
T sphere  0.309017 0.500000 -0.809017  0.587785 0.425325 -0.688191  0.425325 0.688191 -0.587785
T sphere  0.809017 0.309017 -0.500000  0.688191 0.587785 -0.425325  0.587785 0.425325 -0.688191
T sphere  0.500000 0.809017 -0.309017  0.425325 0.688191 -0.587785  0.688191 0.587785 -0.425325
T sphere  0.587785 0.425325 -0.688191  0.688191 0.587785 -0.425325  0.425325 0.688191 -0.587785
T sphere  0.000000 0.850651 -0.525731  -0.160622 0.702046 -0.693780  0.160622 0.702046 -0.693780
T sphere  -0.309017 0.500000 -0.809017  0.000000 0.525731 -0.850651  -0.160622 0.702046 -0.693780
T sphere  0.309017 0.500000 -0.809017  0.160622 0.702046 -0.693780  0.000000 0.525731 -0.850651
T sphere  -0.160622 0.702046 -0.693780  0.000000 0.525731 -0.850651  0.160622 0.702046 -0.693780
T sphere  -0.525731 0.000000 -0.850651  -0.273267 0.000000 -0.961938  -0.433889 0.259892 -0.862668
T sphere  0.000000 0.000000 -1.000000  -0.162460 0.262866 -0.951057  -0.273267 0.000000 -0.961938
T sphere  -0.309017 0.500000 -0.809017  -0.433889 0.259892 -0.862668  -0.162460 0.262866 -0.951057
T sphere  -0.273267 0.000000 -0.961938  -0.162460 0.262866 -0.951057  -0.433889 0.259892 -0.862668
T sphere  0.525731 0.000000 -0.850651  0.433889 0.259892 -0.862668  0.273267 0.000000 -0.961938
T sphere  0.309017 0.500000 -0.809017  0.162460 0.262866 -0.951057  0.433889 0.259892 -0.862668
T sphere  0.000000 0.000000 -1.000000  0.273267 0.000000 -0.961938  0.162460 0.262866 -0.951057
T sphere  0.433889 0.259892 -0.862668  0.162460 0.262866 -0.951057  0.273267 0.000000 -0.961938
T sphere  -0.309017 0.500000 -0.809017  -0.162460 0.262866 -0.951057  0.000000 0.525731 -0.850651
T sphere  0.000000 0.000000 -1.000000  0.162460 0.262866 -0.951057  -0.162460 0.262866 -0.951057
T sphere  0.309017 0.500000 -0.809017  0.000000 0.525731 -0.850651  0.162460 0.262866 -0.951057
T sphere  -0.162460 0.262866 -0.951057  0.162460 0.262866 -0.951057  0.000000 0.525731 -0.850651
T sphere  -0.525731 0.000000 -0.850651  -0.433889 -0.259892 -0.862668  -0.273267 0.000000 -0.961938
T sphere  -0.309017 -0.500000 -0.809017  -0.162460 -0.262866 -0.951057  -0.433889 -0.259892 -0.862668
T sphere  0.000000 0.000000 -1.000000  -0.273267 0.000000 -0.961938  -0.162460 -0.262866 -0.951057
T sphere  -0.433889 -0.259892 -0.862668  -0.162460 -0.262866 -0.951057  -0.273267 0.000000 -0.961938
T sphere  0.000000 -0.850651 -0.525731  0.160622 -0.702046 -0.693780  -0.160622 -0.702046 -0.693780
T sphere  0.309017 -0.500000 -0.809017  0.000000 -0.525731 -0.850651  0.160622 -0.702046 -0.693780
T sphere  -0.309017 -0.500000 -0.809017  -0.160622 -0.702046 -0.693780  0.000000 -0.525731 -0.850651
T sphere  0.160622 -0.702046 -0.693780  0.000000 -0.525731 -0.850651  -0.160622 -0.702046 -0.693780
T sphere  0.525731 0.000000 -0.850651  0.273267 0.000000 -0.961938  0.433889 -0.259892 -0.862668
T sphere  0.000000 0.000000 -1.000000  0.162460 -0.262866 -0.951057  0.273267 0.000000 -0.961938
T sphere  0.309017 -0.500000 -0.809017  0.433889 -0.259892 -0.862668  0.162460 -0.262866 -0.951057
T sphere  0.273267 0.000000 -0.961938  0.162460 -0.262866 -0.951057  0.433889 -0.259892 -0.862668
T sphere  -0.309017 -0.500000 -0.809017  0.000000 -0.525731 -0.850651  -0.162460 -0.262866 -0.951057
T sphere  0.309017 -0.500000 -0.809017  0.162460 -0.262866 -0.951057  0.000000 -0.525731 -0.850651
T sphere  0.000000 0.000000 -1.000000  -0.162460 -0.262866 -0.951057  0.162460 -0.262866 -0.951057
T sphere  0.000000 -0.525731 -0.850651  0.162460 -0.262866 -0.951057  -0.162460 -0.262866 -0.951057
T sphere  0.000000 -0.850651 -0.525731  0.259892 -0.862668 -0.433889  0.160622 -0.702046 -0.693780
T sphere  0.500000 -0.809017 -0.309017  0.425325 -0.688191 -0.587785  0.259892 -0.862668 -0.433889
T sphere  0.309017 -0.500000 -0.809017  0.160622 -0.702046 -0.693780  0.425325 -0.688191 -0.587785
T sphere  0.259892 -0.862668 -0.433889  0.425325 -0.688191 -0.587785  0.160622 -0.702046 -0.693780
T sphere  0.850651 -0.525731 0.000000  0.862668 -0.433889 -0.259892  0.702046 -0.693780 -0.160622
T sphere  0.809017 -0.309017 -0.500000  0.688191 -0.587785 -0.425325  0.862668 -0.433889 -0.259892
T sphere  0.500000 -0.809017 -0.309017  0.702046 -0.693780 -0.160622  0.688191 -0.587785 -0.425325
T sphere  0.862668 -0.433889 -0.259892  0.688191 -0.587785 -0.425325  0.702046 -0.693780 -0.160622
T sphere  0.525731 0.000000 -0.850651  0.433889 -0.259892 -0.862668  0.693780 -0.160622 -0.702046
T sphere  0.309017 -0.500000 -0.809017  0.587785 -0.425325 -0.688191  0.433889 -0.259892 -0.862668
T sphere  0.809017 -0.309017 -0.500000  0.693780 -0.160622 -0.702046  0.587785 -0.425325 -0.688191
T sphere  0.433889 -0.259892 -0.862668  0.587785 -0.425325 -0.688191  0.693780 -0.160622 -0.702046
T sphere  0.500000 -0.809017 -0.309017  0.688191 -0.587785 -0.425325  0.425325 -0.688191 -0.587785
T sphere  0.809017 -0.309017 -0.500000  0.587785 -0.425325 -0.688191  0.688191 -0.587785 -0.425325
T sphere  0.309017 -0.500000 -0.809017  0.425325 -0.688191 -0.587785  0.587785 -0.425325 -0.688191
T sphere  0.688191 -0.587785 -0.425325  0.587785 -0.425325 -0.688191  0.425325 -0.688191 -0.587785
T sphere  0.000000 -0.850651 -0.525731  0.000000 -0.961938 -0.273267  0.259892 -0.862668 -0.433889
T sphere  0.000000 -1.000000 0.000000  0.262866 -0.951057 -0.162460  0.000000 -0.961938 -0.273267
T sphere  0.500000 -0.809017 -0.309017  0.259892 -0.862668 -0.433889  0.262866 -0.951057 -0.162460
T sphere  0.000000 -0.961938 -0.273267  0.262866 -0.951057 -0.162460  0.259892 -0.862668 -0.433889
T sphere  0.000000 -0.850651 0.525731  0.259892 -0.862668 0.433889  0.000000 -0.961938 0.273267
T sphere  0.500000 -0.809017 0.309017  0.262866 -0.951057 0.162460  0.259892 -0.862668 0.433889
T sphere  0.000000 -1.000000 0.000000  0.000000 -0.961938 0.273267  0.262866 -0.951057 0.162460
T sphere  0.259892 -0.862668 0.433889  0.262866 -0.951057 0.162460  0.000000 -0.961938 0.273267
T sphere  0.850651 -0.525731 0.000000  0.702046 -0.693780 -0.160622  0.702046 -0.693780 0.160622
T sphere  0.500000 -0.809017 -0.309017  0.525731 -0.850651 0.000000  0.702046 -0.693780 -0.160622
T sphere  0.500000 -0.809017 0.309017  0.702046 -0.693780 0.160622  0.525731 -0.850651 0.000000
T sphere  0.702046 -0.693780 -0.160622  0.525731 -0.850651 0.000000  0.702046 -0.693780 0.160622
T sphere  0.000000 -1.000000 0.000000  0.262866 -0.951057 0.162460  0.262866 -0.951057 -0.162460
T sphere  0.500000 -0.809017 0.309017  0.525731 -0.850651 0.000000  0.262866 -0.951057 0.162460
T sphere  0.500000 -0.809017 -0.309017  0.262866 -0.951057 -0.162460  0.525731 -0.850651 0.000000
T sphere  0.262866 -0.951057 0.162460  0.525731 -0.850651 0.000000  0.262866 -0.951057 -0.162460
T sphere  0.000000 -0.850651 -0.525731  -0.259892 -0.862668 -0.433889  0.000000 -0.961938 -0.273267
T sphere  -0.500000 -0.809017 -0.309017  -0.262866 -0.951057 -0.162460  -0.259892 -0.862668 -0.433889
T sphere  0.000000 -1.000000 0.000000  0.000000 -0.961938 -0.273267  -0.262866 -0.951057 -0.162460
T sphere  -0.259892 -0.862668 -0.433889  -0.262866 -0.951057 -0.162460  0.000000 -0.961938 -0.273267
T sphere  -0.850651 -0.525731 0.000000  -0.702046 -0.693780 0.160622  -0.702046 -0.693780 -0.160622
T sphere  -0.500000 -0.809017 0.309017  -0.525731 -0.850651 0.000000  -0.702046 -0.693780 0.160622
T sphere  -0.500000 -0.809017 -0.309017  -0.702046 -0.693780 -0.160622  -0.525731 -0.850651 0.000000
T sphere  -0.702046 -0.693780 0.160622  -0.525731 -0.850651 0.000000  -0.702046 -0.693780 -0.160622
T sphere  0.000000 -0.850651 0.525731  0.000000 -0.961938 0.273267  -0.259892 -0.862668 0.433889
T sphere  0.000000 -1.000000 0.000000  -0.262866 -0.951057 0.162460  0.000000 -0.961938 0.273267
T sphere  -0.500000 -0.809017 0.309017  -0.259892 -0.862668 0.433889  -0.262866 -0.951057 0.162460
T sphere  0.000000 -0.961938 0.273267  -0.262866 -0.951057 0.162460  -0.259892 -0.862668 0.433889
T sphere  -0.500000 -0.809017 -0.309017  -0.525731 -0.850651 0.000000  -0.262866 -0.951057 -0.162460
T sphere  -0.500000 -0.809017 0.309017  -0.262866 -0.951057 0.162460  -0.525731 -0.850651 0.000000
T sphere  0.000000 -1.000000 0.000000  -0.262866 -0.951057 -0.162460  -0.262866 -0.951057 0.162460
T sphere  -0.525731 -0.850651 0.000000  -0.262866 -0.951057 0.162460  -0.262866 -0.951057 -0.162460
T sphere  -0.850651 -0.525731 0.000000  -0.862668 -0.433889 0.259892  -0.702046 -0.693780 0.160622
T sphere  -0.809017 -0.309017 0.500000  -0.688191 -0.587785 0.425325  -0.862668 -0.433889 0.259892
T sphere  -0.500000 -0.809017 0.309017  -0.702046 -0.693780 0.160622  -0.688191 -0.587785 0.425325
T sphere  -0.862668 -0.433889 0.259892  -0.688191 -0.587785 0.425325  -0.702046 -0.693780 0.160622
T sphere  -0.525731 0.000000 0.850651  -0.433889 -0.259892 0.862668  -0.693780 -0.160622 0.702046
T sphere  -0.309017 -0.500000 0.809017  -0.587785 -0.425325 0.688191  -0.433889 -0.259892 0.862668
T sphere  -0.809017 -0.309017 0.500000  -0.693780 -0.160622 0.702046  -0.587785 -0.425325 0.688191
T sphere  -0.433889 -0.259892 0.862668  -0.587785 -0.425325 0.688191  -0.693780 -0.160622 0.702046
T sphere  0.000000 -0.850651 0.525731  -0.259892 -0.862668 0.433889  -0.160622 -0.702046 0.693780
T sphere  -0.500000 -0.809017 0.309017  -0.425325 -0.688191 0.587785  -0.259892 -0.862668 0.433889
T sphere  -0.309017 -0.500000 0.809017  -0.160622 -0.702046 0.693780  -0.425325 -0.688191 0.587785
T sphere  -0.259892 -0.862668 0.433889  -0.425325 -0.688191 0.587785  -0.160622 -0.702046 0.693780
T sphere  -0.809017 -0.309017 0.500000  -0.587785 -0.425325 0.688191  -0.688191 -0.587785 0.425325
T sphere  -0.309017 -0.500000 0.809017  -0.425325 -0.688191 0.587785  -0.587785 -0.425325 0.688191
T sphere  -0.500000 -0.809017 0.309017  -0.688191 -0.587785 0.425325  -0.425325 -0.688191 0.587785
T sphere  -0.587785 -0.425325 0.688191  -0.425325 -0.688191 0.587785  -0.688191 -0.587785 0.425325
T sphere  -0.525731 0.000000 0.850651  -0.273267 0.000000 0.961938  -0.433889 -0.259892 0.862668
T sphere  0.000000 0.000000 1.000000  -0.162460 -0.262866 0.951057  -0.273267 0.000000 0.961938
T sphere  -0.309017 -0.500000 0.809017  -0.433889 -0.259892 0.862668  -0.162460 -0.262866 0.951057
T sphere  -0.273267 0.000000 0.961938  -0.162460 -0.262866 0.951057  -0.433889 -0.259892 0.862668
T sphere  0.525731 0.000000 0.850651  0.433889 -0.259892 0.862668  0.273267 0.000000 0.961938
T sphere  0.309017 -0.500000 0.809017  0.162460 -0.262866 0.951057  0.433889 -0.259892 0.862668
T sphere  0.000000 0.000000 1.000000  0.273267 0.000000 0.961938  0.162460 -0.262866 0.951057
T sphere  0.433889 -0.259892 0.862668  0.162460 -0.262866 0.951057  0.273267 0.000000 0.961938
T sphere  0.000000 -0.850651 0.525731  -0.160622 -0.702046 0.693780  0.160622 -0.702046 0.693780
T sphere  -0.309017 -0.500000 0.809017  0.000000 -0.525731 0.850651  -0.160622 -0.702046 0.693780
T sphere  0.309017 -0.500000 0.809017  0.160622 -0.702046 0.693780  0.000000 -0.525731 0.850651
T sphere  -0.160622 -0.702046 0.693780  0.000000 -0.525731 0.850651  0.160622 -0.702046 0.693780
T sphere  0.000000 0.000000 1.000000  0.162460 -0.262866 0.951057  -0.162460 -0.262866 0.951057
T sphere  0.309017 -0.500000 0.809017  0.000000 -0.525731 0.850651  0.162460 -0.262866 0.951057
T sphere  -0.309017 -0.500000 0.809017  -0.162460 -0.262866 0.951057  0.000000 -0.525731 0.850651
T sphere  0.162460 -0.262866 0.951057  0.000000 -0.525731 0.850651  -0.162460 -0.262866 0.951057
T sphere  0.000000 -0.850651 0.525731  0.160622 -0.702046 0.693780  0.259892 -0.862668 0.433889
T sphere  0.309017 -0.500000 0.809017  0.425325 -0.688191 0.587785  0.160622 -0.702046 0.693780
T sphere  0.500000 -0.809017 0.309017  0.259892 -0.862668 0.433889  0.425325 -0.688191 0.587785
T sphere  0.160622 -0.702046 0.693780  0.425325 -0.688191 0.587785  0.259892 -0.862668 0.433889
T sphere  0.525731 0.000000 0.850651  0.693780 -0.160622 0.702046  0.433889 -0.259892 0.862668
T sphere  0.809017 -0.309017 0.500000  0.587785 -0.425325 0.688191  0.693780 -0.160622 0.702046
T sphere  0.309017 -0.500000 0.809017  0.433889 -0.259892 0.862668  0.587785 -0.425325 0.688191
T sphere  0.693780 -0.160622 0.702046  0.587785 -0.425325 0.688191  0.433889 -0.259892 0.862668
T sphere  0.850651 -0.525731 0.000000  0.702046 -0.693780 0.160622  0.862668 -0.433889 0.259892
T sphere  0.500000 -0.809017 0.309017  0.688191 -0.587785 0.425325  0.702046 -0.693780 0.160622
T sphere  0.809017 -0.309017 0.500000  0.862668 -0.433889 0.259892  0.688191 -0.587785 0.425325
T sphere  0.702046 -0.693780 0.160622  0.688191 -0.587785 0.425325  0.862668 -0.433889 0.259892
T sphere  0.309017 -0.500000 0.809017  0.587785 -0.425325 0.688191  0.425325 -0.688191 0.587785
T sphere  0.809017 -0.309017 0.500000  0.688191 -0.587785 0.425325  0.587785 -0.425325 0.688191
T sphere  0.500000 -0.809017 0.309017  0.425325 -0.688191 0.587785  0.688191 -0.587785 0.425325
T sphere  0.587785 -0.425325 0.688191  0.688191 -0.587785 0.425325  0.425325 -0.688191 0.587785
T sphere  -0.850651 0.525731 0.000000  -0.862668 0.433889 0.259892  -0.961938 0.273267 0.000000
T sphere  -0.809017 0.309017 0.500000  -0.951057 0.162460 0.262866  -0.862668 0.433889 0.259892
T sphere  -1.000000 0.000000 0.000000  -0.961938 0.273267 0.000000  -0.951057 0.162460 0.262866
T sphere  -0.862668 0.433889 0.259892  -0.951057 0.162460 0.262866  -0.961938 0.273267 0.000000
T sphere  -0.525731 0.000000 0.850651  -0.693780 -0.160622 0.702046  -0.693780 0.160622 0.702046
T sphere  -0.809017 -0.309017 0.500000  -0.850651 0.000000 0.525731  -0.693780 -0.160622 0.702046
T sphere  -0.809017 0.309017 0.500000  -0.693780 0.160622 0.702046  -0.850651 0.000000 0.525731
T sphere  -0.693780 -0.160622 0.702046  -0.850651 0.000000 0.525731  -0.693780 0.160622 0.702046
T sphere  -0.850651 -0.525731 0.000000  -0.961938 -0.273267 0.000000  -0.862668 -0.433889 0.259892
T sphere  -1.000000 0.000000 0.000000  -0.951057 -0.162460 0.262866  -0.961938 -0.273267 0.000000
T sphere  -0.809017 -0.309017 0.500000  -0.862668 -0.433889 0.259892  -0.951057 -0.162460 0.262866
T sphere  -0.961938 -0.273267 0.000000  -0.951057 -0.162460 0.262866  -0.862668 -0.433889 0.259892
T sphere  -0.809017 0.309017 0.500000  -0.850651 0.000000 0.525731  -0.951057 0.162460 0.262866
T sphere  -0.809017 -0.309017 0.500000  -0.951057 -0.162460 0.262866  -0.850651 0.000000 0.525731
T sphere  -1.000000 0.000000 0.000000  -0.951057 0.162460 0.262866  -0.951057 -0.162460 0.262866
T sphere  -0.850651 0.000000 0.525731  -0.951057 -0.162460 0.262866  -0.951057 0.162460 0.262866
T sphere  -0.850651 0.525731 0.000000  -0.961938 0.273267 0.000000  -0.862668 0.433889 -0.259892
T sphere  -1.000000 0.000000 0.000000  -0.951057 0.162460 -0.262866  -0.961938 0.273267 0.000000
T sphere  -0.809017 0.309017 -0.500000  -0.862668 0.433889 -0.259892  -0.951057 0.162460 -0.262866
T sphere  -0.961938 0.273267 0.000000  -0.951057 0.162460 -0.262866  -0.862668 0.433889 -0.259892
T sphere  -0.850651 -0.525731 0.000000  -0.862668 -0.433889 -0.259892  -0.961938 -0.273267 0.000000
T sphere  -0.809017 -0.309017 -0.500000  -0.951057 -0.162460 -0.262866  -0.862668 -0.433889 -0.259892
T sphere  -1.000000 0.000000 0.000000  -0.961938 -0.273267 0.000000  -0.951057 -0.162460 -0.262866
T sphere  -0.862668 -0.433889 -0.259892  -0.951057 -0.162460 -0.262866  -0.961938 -0.273267 0.000000
T sphere  -0.525731 0.000000 -0.850651  -0.693780 0.160622 -0.702046  -0.693780 -0.160622 -0.702046
T sphere  -0.809017 0.309017 -0.500000  -0.850651 0.000000 -0.525731  -0.693780 0.160622 -0.702046
T sphere  -0.809017 -0.309017 -0.500000  -0.693780 -0.160622 -0.702046  -0.850651 0.000000 -0.525731
T sphere  -0.693780 0.160622 -0.702046  -0.850651 0.000000 -0.525731  -0.693780 -0.160622 -0.702046
T sphere  -1.000000 0.000000 0.000000  -0.951057 -0.162460 -0.262866  -0.951057 0.162460 -0.262866
T sphere  -0.809017 -0.309017 -0.500000  -0.850651 0.000000 -0.525731  -0.951057 -0.162460 -0.262866
T sphere  -0.809017 0.309017 -0.500000  -0.951057 0.162460 -0.262866  -0.850651 0.000000 -0.525731
T sphere  -0.951057 -0.162460 -0.262866  -0.850651 0.000000 -0.525731  -0.951057 0.162460 -0.262866
T sphere  -0.850651 0.525731 0.000000  -0.862668 0.433889 -0.259892  -0.702046 0.693780 -0.160622
T sphere  -0.809017 0.309017 -0.500000  -0.688191 0.587785 -0.425325  -0.862668 0.433889 -0.259892
T sphere  -0.500000 0.809017 -0.309017  -0.702046 0.693780 -0.160622  -0.688191 0.587785 -0.425325
T sphere  -0.862668 0.433889 -0.259892  -0.688191 0.587785 -0.425325  -0.702046 0.693780 -0.160622
T sphere  -0.525731 0.000000 -0.850651  -0.433889 0.259892 -0.862668  -0.693780 0.160622 -0.702046
T sphere  -0.309017 0.500000 -0.809017  -0.587785 0.425325 -0.688191  -0.433889 0.259892 -0.862668
T sphere  -0.809017 0.309017 -0.500000  -0.693780 0.160622 -0.702046  -0.587785 0.425325 -0.688191
T sphere  -0.433889 0.259892 -0.862668  -0.587785 0.425325 -0.688191  -0.693780 0.160622 -0.702046
T sphere  0.000000 0.850651 -0.525731  -0.259892 0.862668 -0.433889  -0.160622 0.702046 -0.693780
T sphere  -0.500000 0.809017 -0.309017  -0.425325 0.688191 -0.587785  -0.259892 0.862668 -0.433889
T sphere  -0.309017 0.500000 -0.809017  -0.160622 0.702046 -0.693780  -0.425325 0.688191 -0.587785
T sphere  -0.259892 0.862668 -0.433889  -0.425325 0.688191 -0.587785  -0.160622 0.702046 -0.693780
T sphere  -0.809017 0.309017 -0.500000  -0.587785 0.425325 -0.688191  -0.688191 0.587785 -0.425325
T sphere  -0.309017 0.500000 -0.809017  -0.425325 0.688191 -0.587785  -0.587785 0.425325 -0.688191
T sphere  -0.500000 0.809017 -0.309017  -0.688191 0.587785 -0.425325  -0.425325 0.688191 -0.587785
T sphere  -0.587785 0.425325 -0.688191  -0.425325 0.688191 -0.587785  -0.688191 0.587785 -0.425325
T sphere  0.000000 -0.850651 -0.525731  -0.160622 -0.702046 -0.693780  -0.259892 -0.862668 -0.433889
T sphere  -0.309017 -0.500000 -0.809017  -0.425325 -0.688191 -0.587785  -0.160622 -0.702046 -0.693780
T sphere  -0.500000 -0.809017 -0.309017  -0.259892 -0.862668 -0.433889  -0.425325 -0.688191 -0.587785
T sphere  -0.160622 -0.702046 -0.693780  -0.425325 -0.688191 -0.587785  -0.259892 -0.862668 -0.433889
T sphere  -0.525731 0.000000 -0.850651  -0.693780 -0.160622 -0.702046  -0.433889 -0.259892 -0.862668
T sphere  -0.809017 -0.309017 -0.500000  -0.587785 -0.425325 -0.688191  -0.693780 -0.160622 -0.702046
T sphere  -0.309017 -0.500000 -0.809017  -0.433889 -0.259892 -0.862668  -0.587785 -0.425325 -0.688191
T sphere  -0.693780 -0.160622 -0.702046  -0.587785 -0.425325 -0.688191  -0.433889 -0.259892 -0.862668
T sphere  -0.850651 -0.525731 0.000000  -0.702046 -0.693780 -0.160622  -0.862668 -0.433889 -0.259892
T sphere  -0.500000 -0.809017 -0.309017  -0.688191 -0.587785 -0.425325  -0.702046 -0.693780 -0.160622
T sphere  -0.809017 -0.309017 -0.500000  -0.862668 -0.433889 -0.259892  -0.688191 -0.587785 -0.425325
T sphere  -0.702046 -0.693780 -0.160622  -0.688191 -0.587785 -0.425325  -0.862668 -0.433889 -0.259892
T sphere  -0.309017 -0.500000 -0.809017  -0.587785 -0.425325 -0.688191  -0.425325 -0.688191 -0.587785
T sphere  -0.809017 -0.309017 -0.500000  -0.688191 -0.587785 -0.425325  -0.587785 -0.425325 -0.688191
T sphere  -0.500000 -0.809017 -0.309017  -0.425325 -0.688191 -0.587785  -0.688191 -0.587785 -0.425325
T sphere  -0.587785 -0.425325 -0.688191  -0.688191 -0.587785 -0.425325  -0.425325 -0.688191 -0.587785

* the trailing 'End' is not mandatory if this is the last sub-file in the list;
* however, for completeness, it is included as well
End


