* Lossy capacitor
*
* This is the same as 'capacitor_lossy.lst' but all input
* data is included in a single file
*
* This capacitor is made by a lossy dielectric material with relative permittivity
* equal to 2.96-j0.138, sandwiched between two square metal contacts
* with finite thickness
*

* lower contact
C capacitor_contact_sides.txt  1.0  0.0 0.0 0.0 + 0xd8d8d8ff
C plate.txt  1.0  0.0 0.0 0.0 + 0xd8d8d8ff
C plate.txt  2.96-j0.138  0.0 0.0 0.2  0xd8d8d8ff

* dielectric medium
D capacitor_diel_sides.txt  1.0  2.96-j0.138  0.0 0.0 0.2  0.5 0.5 0.5 - 0xa793b4ff

* upper contact
C capacitor_contact_sides.txt  1.0  0.0 0.0 0.8 + 0xd8d8d8ff
C plate.txt  2.96-j0.138 0.0 0.0 0.8  + 0xd8d8d8ff
C plate.txt  1.0  0.0 0.0 1.0  0xd8d8d8ff


File plate.txt

0 1x1 unit square conducting plate
*
Q 1 0.00000e+000 0.00000e+000 0.00000e+000  1.00000e+000 0.00000e+000 0.00000e+000 1.00000e+000 1.00000e+000 0.00000e+000  0.00000e+000 1.00000e+000 0.00000e+000

End


File capacitor_contact_sides.txt

0 1mX1mX0.2m cube (nx=5 ny=5 nz=1 e=1)
* xo = 0, yo = 0, zo = 0
* top panel omitted
* bottom panel omitted
* view from -x, -y, +z
* front left
Q 1 1.00000e+000 1.00000e+000 0.00000e+000  1.00000e+000 8.00000e-001 0.00000e+000 1.00000e+000 8.00000e-001 2.00000e-001  1.00000e+000 1.00000e+000 2.00000e-001
Q 1 1.00000e+000 8.00000e-001 0.00000e+000  1.00000e+000 6.00000e-001 0.00000e+000 1.00000e+000 6.00000e-001 2.00000e-001  1.00000e+000 8.00000e-001 2.00000e-001
Q 1 1.00000e+000 6.00000e-001 0.00000e+000  1.00000e+000 4.00000e-001 0.00000e+000 1.00000e+000 4.00000e-001 2.00000e-001  1.00000e+000 6.00000e-001 2.00000e-001
Q 1 1.00000e+000 4.00000e-001 0.00000e+000  1.00000e+000 2.00000e-001 0.00000e+000 1.00000e+000 2.00000e-001 2.00000e-001  1.00000e+000 4.00000e-001 2.00000e-001
Q 1 1.00000e+000 2.00000e-001 0.00000e+000  1.00000e+000 5.55112e-017 0.00000e+000 1.00000e+000 5.55112e-017 2.00000e-001  1.00000e+000 2.00000e-001 2.00000e-001
* front right
Q 1 0.00000e+000 1.00000e+000 0.00000e+000  2.00000e-001 1.00000e+000 0.00000e+000 2.00000e-001 1.00000e+000 2.00000e-001  0.00000e+000 1.00000e+000 2.00000e-001
Q 1 2.00000e-001 1.00000e+000 0.00000e+000  4.00000e-001 1.00000e+000 0.00000e+000 4.00000e-001 1.00000e+000 2.00000e-001  2.00000e-001 1.00000e+000 2.00000e-001
Q 1 4.00000e-001 1.00000e+000 0.00000e+000  6.00000e-001 1.00000e+000 0.00000e+000 6.00000e-001 1.00000e+000 2.00000e-001  4.00000e-001 1.00000e+000 2.00000e-001
Q 1 6.00000e-001 1.00000e+000 0.00000e+000  8.00000e-001 1.00000e+000 0.00000e+000 8.00000e-001 1.00000e+000 2.00000e-001  6.00000e-001 1.00000e+000 2.00000e-001
Q 1 8.00000e-001 1.00000e+000 0.00000e+000  1.00000e+000 1.00000e+000 0.00000e+000 1.00000e+000 1.00000e+000 2.00000e-001  8.00000e-001 1.00000e+000 2.00000e-001
* back left
Q 1 1.00000e+000 0.00000e+000 0.00000e+000  8.00000e-001 0.00000e+000 0.00000e+000 8.00000e-001 0.00000e+000 2.00000e-001  1.00000e+000 0.00000e+000 2.00000e-001
Q 1 8.00000e-001 0.00000e+000 0.00000e+000  6.00000e-001 0.00000e+000 0.00000e+000 6.00000e-001 0.00000e+000 2.00000e-001  8.00000e-001 0.00000e+000 2.00000e-001
Q 1 6.00000e-001 0.00000e+000 0.00000e+000  4.00000e-001 0.00000e+000 0.00000e+000 4.00000e-001 0.00000e+000 2.00000e-001  6.00000e-001 0.00000e+000 2.00000e-001
Q 1 4.00000e-001 0.00000e+000 0.00000e+000  2.00000e-001 0.00000e+000 0.00000e+000 2.00000e-001 0.00000e+000 2.00000e-001  4.00000e-001 0.00000e+000 2.00000e-001
Q 1 2.00000e-001 0.00000e+000 0.00000e+000  5.55112e-017 0.00000e+000 0.00000e+000 5.55112e-017 0.00000e+000 2.00000e-001  2.00000e-001 0.00000e+000 2.00000e-001
* back right
Q 1 0.00000e+000 0.00000e+000 0.00000e+000  0.00000e+000 2.00000e-001 0.00000e+000 0.00000e+000 2.00000e-001 2.00000e-001  0.00000e+000 0.00000e+000 2.00000e-001
Q 1 0.00000e+000 2.00000e-001 0.00000e+000  0.00000e+000 4.00000e-001 0.00000e+000 0.00000e+000 4.00000e-001 2.00000e-001  0.00000e+000 2.00000e-001 2.00000e-001
Q 1 0.00000e+000 4.00000e-001 0.00000e+000  0.00000e+000 6.00000e-001 0.00000e+000 0.00000e+000 6.00000e-001 2.00000e-001  0.00000e+000 4.00000e-001 2.00000e-001
Q 1 0.00000e+000 6.00000e-001 0.00000e+000  0.00000e+000 8.00000e-001 0.00000e+000 0.00000e+000 8.00000e-001 2.00000e-001  0.00000e+000 6.00000e-001 2.00000e-001
Q 1 0.00000e+000 8.00000e-001 0.00000e+000  0.00000e+000 1.00000e+000 0.00000e+000 0.00000e+000 1.00000e+000 2.00000e-001  0.00000e+000 8.00000e-001 2.00000e-001

End


File capacitor_diel_sides.txt

0 1mX1mX0.6m cube (nx=5 ny=5 nz=2 e=1)
* xo = 0, yo = 0, zo = 0
* top panel omitted
* bottom panel omitted
* view from -x, -y, +z
* front left
Q 1 1.00000e+000 1.00000e+000 0.00000e+000  1.00000e+000 8.00000e-001 0.00000e+000 1.00000e+000 8.00000e-001 3.00000e-001  1.00000e+000 1.00000e+000 3.00000e-001
Q 1 1.00000e+000 8.00000e-001 0.00000e+000  1.00000e+000 6.00000e-001 0.00000e+000 1.00000e+000 6.00000e-001 3.00000e-001  1.00000e+000 8.00000e-001 3.00000e-001
Q 1 1.00000e+000 6.00000e-001 0.00000e+000  1.00000e+000 4.00000e-001 0.00000e+000 1.00000e+000 4.00000e-001 3.00000e-001  1.00000e+000 6.00000e-001 3.00000e-001
Q 1 1.00000e+000 4.00000e-001 0.00000e+000  1.00000e+000 2.00000e-001 0.00000e+000 1.00000e+000 2.00000e-001 3.00000e-001  1.00000e+000 4.00000e-001 3.00000e-001
Q 1 1.00000e+000 2.00000e-001 0.00000e+000  1.00000e+000 5.55112e-017 0.00000e+000 1.00000e+000 5.55112e-017 3.00000e-001  1.00000e+000 2.00000e-001 3.00000e-001
Q 1 1.00000e+000 1.00000e+000 3.00000e-001  1.00000e+000 8.00000e-001 3.00000e-001 1.00000e+000 8.00000e-001 6.00000e-001  1.00000e+000 1.00000e+000 6.00000e-001
Q 1 1.00000e+000 8.00000e-001 3.00000e-001  1.00000e+000 6.00000e-001 3.00000e-001 1.00000e+000 6.00000e-001 6.00000e-001  1.00000e+000 8.00000e-001 6.00000e-001
Q 1 1.00000e+000 6.00000e-001 3.00000e-001  1.00000e+000 4.00000e-001 3.00000e-001 1.00000e+000 4.00000e-001 6.00000e-001  1.00000e+000 6.00000e-001 6.00000e-001
Q 1 1.00000e+000 4.00000e-001 3.00000e-001  1.00000e+000 2.00000e-001 3.00000e-001 1.00000e+000 2.00000e-001 6.00000e-001  1.00000e+000 4.00000e-001 6.00000e-001
Q 1 1.00000e+000 2.00000e-001 3.00000e-001  1.00000e+000 5.55112e-017 3.00000e-001 1.00000e+000 5.55112e-017 6.00000e-001  1.00000e+000 2.00000e-001 6.00000e-001
* front right
Q 1 0.00000e+000 1.00000e+000 0.00000e+000  2.00000e-001 1.00000e+000 0.00000e+000 2.00000e-001 1.00000e+000 3.00000e-001  0.00000e+000 1.00000e+000 3.00000e-001
Q 1 2.00000e-001 1.00000e+000 0.00000e+000  4.00000e-001 1.00000e+000 0.00000e+000 4.00000e-001 1.00000e+000 3.00000e-001  2.00000e-001 1.00000e+000 3.00000e-001
Q 1 4.00000e-001 1.00000e+000 0.00000e+000  6.00000e-001 1.00000e+000 0.00000e+000 6.00000e-001 1.00000e+000 3.00000e-001  4.00000e-001 1.00000e+000 3.00000e-001
Q 1 6.00000e-001 1.00000e+000 0.00000e+000  8.00000e-001 1.00000e+000 0.00000e+000 8.00000e-001 1.00000e+000 3.00000e-001  6.00000e-001 1.00000e+000 3.00000e-001
Q 1 8.00000e-001 1.00000e+000 0.00000e+000  1.00000e+000 1.00000e+000 0.00000e+000 1.00000e+000 1.00000e+000 3.00000e-001  8.00000e-001 1.00000e+000 3.00000e-001
Q 1 0.00000e+000 1.00000e+000 3.00000e-001  2.00000e-001 1.00000e+000 3.00000e-001 2.00000e-001 1.00000e+000 6.00000e-001  0.00000e+000 1.00000e+000 6.00000e-001
Q 1 2.00000e-001 1.00000e+000 3.00000e-001  4.00000e-001 1.00000e+000 3.00000e-001 4.00000e-001 1.00000e+000 6.00000e-001  2.00000e-001 1.00000e+000 6.00000e-001
Q 1 4.00000e-001 1.00000e+000 3.00000e-001  6.00000e-001 1.00000e+000 3.00000e-001 6.00000e-001 1.00000e+000 6.00000e-001  4.00000e-001 1.00000e+000 6.00000e-001
Q 1 6.00000e-001 1.00000e+000 3.00000e-001  8.00000e-001 1.00000e+000 3.00000e-001 8.00000e-001 1.00000e+000 6.00000e-001  6.00000e-001 1.00000e+000 6.00000e-001
Q 1 8.00000e-001 1.00000e+000 3.00000e-001  1.00000e+000 1.00000e+000 3.00000e-001 1.00000e+000 1.00000e+000 6.00000e-001  8.00000e-001 1.00000e+000 6.00000e-001
* back left
Q 1 1.00000e+000 0.00000e+000 0.00000e+000  8.00000e-001 0.00000e+000 0.00000e+000 8.00000e-001 0.00000e+000 3.00000e-001  1.00000e+000 0.00000e+000 3.00000e-001
Q 1 8.00000e-001 0.00000e+000 0.00000e+000  6.00000e-001 0.00000e+000 0.00000e+000 6.00000e-001 0.00000e+000 3.00000e-001  8.00000e-001 0.00000e+000 3.00000e-001
Q 1 6.00000e-001 0.00000e+000 0.00000e+000  4.00000e-001 0.00000e+000 0.00000e+000 4.00000e-001 0.00000e+000 3.00000e-001  6.00000e-001 0.00000e+000 3.00000e-001
Q 1 4.00000e-001 0.00000e+000 0.00000e+000  2.00000e-001 0.00000e+000 0.00000e+000 2.00000e-001 0.00000e+000 3.00000e-001  4.00000e-001 0.00000e+000 3.00000e-001
Q 1 2.00000e-001 0.00000e+000 0.00000e+000  5.55112e-017 0.00000e+000 0.00000e+000 5.55112e-017 0.00000e+000 3.00000e-001  2.00000e-001 0.00000e+000 3.00000e-001
Q 1 1.00000e+000 0.00000e+000 3.00000e-001  8.00000e-001 0.00000e+000 3.00000e-001 8.00000e-001 0.00000e+000 6.00000e-001  1.00000e+000 0.00000e+000 6.00000e-001
Q 1 8.00000e-001 0.00000e+000 3.00000e-001  6.00000e-001 0.00000e+000 3.00000e-001 6.00000e-001 0.00000e+000 6.00000e-001  8.00000e-001 0.00000e+000 6.00000e-001
Q 1 6.00000e-001 0.00000e+000 3.00000e-001  4.00000e-001 0.00000e+000 3.00000e-001 4.00000e-001 0.00000e+000 6.00000e-001  6.00000e-001 0.00000e+000 6.00000e-001
Q 1 4.00000e-001 0.00000e+000 3.00000e-001  2.00000e-001 0.00000e+000 3.00000e-001 2.00000e-001 0.00000e+000 6.00000e-001  4.00000e-001 0.00000e+000 6.00000e-001
Q 1 2.00000e-001 0.00000e+000 3.00000e-001  5.55112e-017 0.00000e+000 3.00000e-001 5.55112e-017 0.00000e+000 6.00000e-001  2.00000e-001 0.00000e+000 6.00000e-001
* back right
Q 1 0.00000e+000 0.00000e+000 0.00000e+000  0.00000e+000 2.00000e-001 0.00000e+000 0.00000e+000 2.00000e-001 3.00000e-001  0.00000e+000 0.00000e+000 3.00000e-001
Q 1 0.00000e+000 2.00000e-001 0.00000e+000  0.00000e+000 4.00000e-001 0.00000e+000 0.00000e+000 4.00000e-001 3.00000e-001  0.00000e+000 2.00000e-001 3.00000e-001
Q 1 0.00000e+000 4.00000e-001 0.00000e+000  0.00000e+000 6.00000e-001 0.00000e+000 0.00000e+000 6.00000e-001 3.00000e-001  0.00000e+000 4.00000e-001 3.00000e-001
Q 1 0.00000e+000 6.00000e-001 0.00000e+000  0.00000e+000 8.00000e-001 0.00000e+000 0.00000e+000 8.00000e-001 3.00000e-001  0.00000e+000 6.00000e-001 3.00000e-001
Q 1 0.00000e+000 8.00000e-001 0.00000e+000  0.00000e+000 1.00000e+000 0.00000e+000 0.00000e+000 1.00000e+000 3.00000e-001  0.00000e+000 8.00000e-001 3.00000e-001
Q 1 0.00000e+000 0.00000e+000 3.00000e-001  0.00000e+000 2.00000e-001 3.00000e-001 0.00000e+000 2.00000e-001 6.00000e-001  0.00000e+000 0.00000e+000 6.00000e-001
Q 1 0.00000e+000 2.00000e-001 3.00000e-001  0.00000e+000 4.00000e-001 3.00000e-001 0.00000e+000 4.00000e-001 6.00000e-001  0.00000e+000 2.00000e-001 6.00000e-001
Q 1 0.00000e+000 4.00000e-001 3.00000e-001  0.00000e+000 6.00000e-001 3.00000e-001 0.00000e+000 6.00000e-001 6.00000e-001  0.00000e+000 4.00000e-001 6.00000e-001
Q 1 0.00000e+000 6.00000e-001 3.00000e-001  0.00000e+000 8.00000e-001 3.00000e-001 0.00000e+000 8.00000e-001 6.00000e-001  0.00000e+000 6.00000e-001 6.00000e-001
Q 1 0.00000e+000 8.00000e-001 3.00000e-001  0.00000e+000 1.00000e+000 3.00000e-001 0.00000e+000 1.00000e+000 6.00000e-001  0.00000e+000 8.00000e-001 6.00000e-001

End
